#-----------------------------------------------------------
# Vivado v2017.4 (64-bit)
# SW Build 2086221 on Fri Dec 15 20:55:39 MST 2017
# IP Build 2085800 on Fri Dec 15 22:25:07 MST 2017
# Start of session at: Fri Mar 16 00:14:35 2018
# Process ID: 11012
# Current directory: C:/Users/Nicklas Frahm/Desktop/GitLab/Uni/spro4-em/vivado/risc_cpu_8
# Command line: vivado.exe -gui_launcher_event rodinguilauncherevent9064 C:\Users\Nicklas Frahm\Desktop\GitLab\Uni\spro4-em\vivado\risc_cpu_8\risc_cpu_8.xpr
# Log file: C:/Users/Nicklas Frahm/Desktop/GitLab/Uni/spro4-em/vivado/risc_cpu_8/vivado.log
# Journal file: C:/Users/Nicklas Frahm/Desktop/GitLab/Uni/spro4-em/vivado/risc_cpu_8\vivado.jou
#-----------------------------------------------------------
start_gui
open_project {C:/Users/Nicklas Frahm/Desktop/GitLab/Uni/spro4-em/vivado/risc_cpu_8/risc_cpu_8.xpr}
Scanning sources...
Finished scanning sources
INFO: [IP_Flow 19-234] Refreshing IP repositories
INFO: [IP_Flow 19-1704] No user IP repositories specified
INFO: [IP_Flow 19-2313] Loaded Vivado IP repository 'D:/Programme/Xilinx/Vivado/2017.4/data/ip'.
open_project: Time (s): cpu = 00:00:11 ; elapsed = 00:00:13 . Memory (MB): peak = 716.758 ; gain = 73.777
exit
INFO: [Common 17-206] Exiting Vivado at Fri Mar 16 00:16:06 2018...
