
*** Running vivado
    with args -log sine_wave_gen.vdi -applog -m64 -product Vivado -messageDb vivado.pb -mode batch -source sine_wave_gen.tcl -notrace


****** Vivado v2017.4 (64-bit)
  **** SW Build 2086221 on Fri Dec 15 20:55:39 MST 2017
  **** IP Build 2085800 on Fri Dec 15 22:25:07 MST 2017
    ** Copyright 1986-2017 Xilinx, Inc. All Rights Reserved.

source sine_wave_gen.tcl -notrace
Command: link_design -top sine_wave_gen -part xc7z020clg484-1
Design is defaulting to srcset: sources_1
Design is defaulting to constrset: constrs_1
INFO: [Netlist 29-17] Analyzing 15 Unisim elements for replacement
INFO: [Netlist 29-28] Unisim Transformation completed in 0 CPU seconds
INFO: [Project 1-479] Netlist was created with Vivado 2017.4
INFO: [Device 21-403] Loading part xc7z020clg484-1
INFO: [Project 1-570] Preparing netlist for logic optimization
Parsing XDC File [C:/Users/MoJo/Desktop/vivado projects/spro4-em/vivado/sine_generator/sine_generator.srcs/constrs_1/new/sg_constraints.xdc]
Finished Parsing XDC File [C:/Users/MoJo/Desktop/vivado projects/spro4-em/vivado/sine_generator/sine_generator.srcs/constrs_1/new/sg_constraints.xdc]
INFO: [Opt 31-138] Pushed 0 inverter(s) to 0 load pin(s).
INFO: [Project 1-111] Unisim Transformation Summary:
No Unisim elements were transformed.

7 Infos, 0 Warnings, 0 Critical Warnings and 0 Errors encountered.
link_design completed successfully
link_design: Time (s): cpu = 00:00:12 ; elapsed = 00:00:13 . Memory (MB): peak = 574.102 ; gain = 338.023
Command: opt_design
Attempting to get a license for feature 'Implementation' and/or device 'xc7z020'
INFO: [Common 17-349] Got license for feature 'Implementation' and/or device 'xc7z020'
Running DRC as a precondition to command opt_design

Starting DRC Task
INFO: [DRC 23-27] Running DRC with 2 threads
INFO: [Project 1-461] DRC finished with 0 Errors
INFO: [Project 1-462] Please refer to the DRC report (report_drc) for more information.

Time (s): cpu = 00:00:02 ; elapsed = 00:00:01 . Memory (MB): peak = 588.098 ; gain = 13.996
INFO: [Timing 38-35] Done setting XDC timing constraints.

Starting Logic Optimization Task

Phase 1 Retarget
INFO: [Opt 31-138] Pushed 0 inverter(s) to 0 load pin(s).
INFO: [Opt 31-49] Retargeted 0 cell(s).
Phase 1 Retarget | Checksum: 198758529

Time (s): cpu = 00:00:00 ; elapsed = 00:00:00.020 . Memory (MB): peak = 1130.246 ; gain = 0.000
INFO: [Opt 31-389] Phase Retarget created 0 cells and removed 0 cells

Phase 2 Constant propagation
INFO: [Opt 31-138] Pushed 0 inverter(s) to 0 load pin(s).
Phase 2 Constant propagation | Checksum: 198758529

Time (s): cpu = 00:00:00 ; elapsed = 00:00:00.026 . Memory (MB): peak = 1130.246 ; gain = 0.000
INFO: [Opt 31-389] Phase Constant propagation created 0 cells and removed 0 cells

Phase 3 Sweep
Phase 3 Sweep | Checksum: 1d417a927

Time (s): cpu = 00:00:00 ; elapsed = 00:00:00.033 . Memory (MB): peak = 1130.246 ; gain = 0.000
INFO: [Opt 31-389] Phase Sweep created 0 cells and removed 0 cells

Phase 4 BUFG optimization
Phase 4 BUFG optimization | Checksum: 1d417a927

Time (s): cpu = 00:00:00 ; elapsed = 00:00:00.039 . Memory (MB): peak = 1130.246 ; gain = 0.000
INFO: [Opt 31-389] Phase BUFG optimization created 0 cells and removed 0 cells

Phase 5 Shift Register Optimization
Phase 5 Shift Register Optimization | Checksum: 1d417a927

Time (s): cpu = 00:00:00 ; elapsed = 00:00:00.042 . Memory (MB): peak = 1130.246 ; gain = 0.000
INFO: [Opt 31-389] Phase Shift Register Optimization created 0 cells and removed 0 cells

Starting Connectivity Check Task

Time (s): cpu = 00:00:00 ; elapsed = 00:00:00.001 . Memory (MB): peak = 1130.246 ; gain = 0.000
Ending Logic Optimization Task | Checksum: 1d417a927

Time (s): cpu = 00:00:00 ; elapsed = 00:00:00.045 . Memory (MB): peak = 1130.246 ; gain = 0.000

Starting Power Optimization Task
INFO: [Pwropt 34-132] Skipping clock gating for clocks with a period < 2.00 ns.
Ending Power Optimization Task | Checksum: ff966344

Time (s): cpu = 00:00:00 ; elapsed = 00:00:00.026 . Memory (MB): peak = 1130.246 ; gain = 0.000
INFO: [Common 17-83] Releasing license: Implementation
22 Infos, 0 Warnings, 0 Critical Warnings and 0 Errors encountered.
opt_design completed successfully
opt_design: Time (s): cpu = 00:00:22 ; elapsed = 00:00:22 . Memory (MB): peak = 1130.246 ; gain = 556.145
Writing placer database...
Writing XDEF routing.
Writing XDEF routing logical nets.
Writing XDEF routing special nets.
Write XDEF Complete: Time (s): cpu = 00:00:00 ; elapsed = 00:00:00.116 . Memory (MB): peak = 1130.246 ; gain = 0.000
INFO: [Common 17-1381] The checkpoint 'C:/Users/MoJo/Desktop/vivado projects/spro4-em/vivado/sine_generator/sine_generator.runs/impl_1/sine_wave_gen_opt.dcp' has been generated.
INFO: [runtcl-4] Executing : report_drc -file sine_wave_gen_drc_opted.rpt -pb sine_wave_gen_drc_opted.pb -rpx sine_wave_gen_drc_opted.rpx
Command: report_drc -file sine_wave_gen_drc_opted.rpt -pb sine_wave_gen_drc_opted.pb -rpx sine_wave_gen_drc_opted.rpx
INFO: [IP_Flow 19-234] Refreshing IP repositories
INFO: [IP_Flow 19-1704] No user IP repositories specified
INFO: [IP_Flow 19-2313] Loaded Vivado IP repository 'C:/Xilinx/Vivado/2017.4/data/ip'.
INFO: [DRC 23-27] Running DRC with 2 threads
INFO: [Coretcl 2-168] The results of DRC are in file C:/Users/MoJo/Desktop/vivado projects/spro4-em/vivado/sine_generator/sine_generator.runs/impl_1/sine_wave_gen_drc_opted.rpt.
report_drc completed successfully
INFO: [Chipscope 16-241] No debug cores found in the current design.
Before running the implement_debug_core command, either use the Set Up Debug wizard (GUI mode)
or use the create_debug_core and connect_debug_core Tcl commands to insert debug cores into the design.
Command: place_design
Attempting to get a license for feature 'Implementation' and/or device 'xc7z020'
INFO: [Common 17-349] Got license for feature 'Implementation' and/or device 'xc7z020'
INFO: [DRC 23-27] Running DRC with 2 threads
INFO: [Vivado_Tcl 4-198] DRC finished with 0 Errors
INFO: [Vivado_Tcl 4-199] Please refer to the DRC report (report_drc) for more information.
Running DRC as a precondition to command place_design
INFO: [DRC 23-27] Running DRC with 2 threads
INFO: [Vivado_Tcl 4-198] DRC finished with 0 Errors
INFO: [Vivado_Tcl 4-199] Please refer to the DRC report (report_drc) for more information.

Starting Placer Task
INFO: [Place 30-611] Multithreading enabled for place_design using a maximum of 2 CPUs

Phase 1 Placer Initialization

Phase 1.1 Placer Initialization Netlist Sorting
Netlist sorting complete. Time (s): cpu = 00:00:00 ; elapsed = 00:00:00 . Memory (MB): peak = 1130.246 ; gain = 0.000
Phase 1.1 Placer Initialization Netlist Sorting | Checksum: cef39c4e

Time (s): cpu = 00:00:00 ; elapsed = 00:00:00.041 . Memory (MB): peak = 1130.246 ; gain = 0.000
INFO: [Timing 38-35] Done setting XDC timing constraints.
INFO: [Opt 31-138] Pushed 0 inverter(s) to 0 load pin(s).
Netlist sorting complete. Time (s): cpu = 00:00:00 ; elapsed = 00:00:00 . Memory (MB): peak = 1130.246 ; gain = 0.000

Phase 1.2 IO Placement/ Clock Placement/ Build Placer Device
INFO: [Timing 38-35] Done setting XDC timing constraints.
Phase 1.2 IO Placement/ Clock Placement/ Build Placer Device | Checksum: 1e06fabbb

Time (s): cpu = 00:00:03 ; elapsed = 00:00:02 . Memory (MB): peak = 1130.246 ; gain = 0.000

Phase 1.3 Build Placer Netlist Model
Phase 1.3 Build Placer Netlist Model | Checksum: 204550673

Time (s): cpu = 00:00:03 ; elapsed = 00:00:02 . Memory (MB): peak = 1130.246 ; gain = 0.000

Phase 1.4 Constrain Clocks/Macros
Phase 1.4 Constrain Clocks/Macros | Checksum: 204550673

Time (s): cpu = 00:00:03 ; elapsed = 00:00:02 . Memory (MB): peak = 1130.246 ; gain = 0.000
Phase 1 Placer Initialization | Checksum: 204550673

Time (s): cpu = 00:00:03 ; elapsed = 00:00:02 . Memory (MB): peak = 1130.246 ; gain = 0.000

Phase 2 Global Placement
Phase 2 Global Placement | Checksum: 22aaaa5b2

Time (s): cpu = 00:00:04 ; elapsed = 00:00:03 . Memory (MB): peak = 1130.246 ; gain = 0.000

Phase 3 Detail Placement

Phase 3.1 Commit Multi Column Macros
Phase 3.1 Commit Multi Column Macros | Checksum: 22aaaa5b2

Time (s): cpu = 00:00:04 ; elapsed = 00:00:03 . Memory (MB): peak = 1130.246 ; gain = 0.000

Phase 3.2 Commit Most Macros & LUTRAMs
Phase 3.2 Commit Most Macros & LUTRAMs | Checksum: 2104498bf

Time (s): cpu = 00:00:04 ; elapsed = 00:00:03 . Memory (MB): peak = 1130.246 ; gain = 0.000

Phase 3.3 Area Swap Optimization
Phase 3.3 Area Swap Optimization | Checksum: 2aa9fe29b

Time (s): cpu = 00:00:04 ; elapsed = 00:00:03 . Memory (MB): peak = 1130.246 ; gain = 0.000

Phase 3.4 Pipeline Register Optimization
Phase 3.4 Pipeline Register Optimization | Checksum: 2aa9fe29b

Time (s): cpu = 00:00:04 ; elapsed = 00:00:03 . Memory (MB): peak = 1130.246 ; gain = 0.000

Phase 3.5 Small Shape Detail Placement
Phase 3.5 Small Shape Detail Placement | Checksum: 1ff04b5c9

Time (s): cpu = 00:00:05 ; elapsed = 00:00:03 . Memory (MB): peak = 1130.246 ; gain = 0.000

Phase 3.6 Re-assign LUT pins
Phase 3.6 Re-assign LUT pins | Checksum: 1ff04b5c9

Time (s): cpu = 00:00:05 ; elapsed = 00:00:03 . Memory (MB): peak = 1130.246 ; gain = 0.000

Phase 3.7 Pipeline Register Optimization
Phase 3.7 Pipeline Register Optimization | Checksum: 1ff04b5c9

Time (s): cpu = 00:00:05 ; elapsed = 00:00:03 . Memory (MB): peak = 1130.246 ; gain = 0.000
Phase 3 Detail Placement | Checksum: 1ff04b5c9

Time (s): cpu = 00:00:05 ; elapsed = 00:00:03 . Memory (MB): peak = 1130.246 ; gain = 0.000

Phase 4 Post Placement Optimization and Clean-Up

Phase 4.1 Post Commit Optimization
Phase 4.1 Post Commit Optimization | Checksum: 1ff04b5c9

Time (s): cpu = 00:00:05 ; elapsed = 00:00:03 . Memory (MB): peak = 1130.246 ; gain = 0.000

Phase 4.2 Post Placement Cleanup
Phase 4.2 Post Placement Cleanup | Checksum: 1ff04b5c9

Time (s): cpu = 00:00:05 ; elapsed = 00:00:03 . Memory (MB): peak = 1130.246 ; gain = 0.000

Phase 4.3 Placer Reporting
Phase 4.3 Placer Reporting | Checksum: 1ff04b5c9

Time (s): cpu = 00:00:05 ; elapsed = 00:00:03 . Memory (MB): peak = 1130.246 ; gain = 0.000

Phase 4.4 Final Placement Cleanup
Phase 4.4 Final Placement Cleanup | Checksum: 1f7f7641f

Time (s): cpu = 00:00:05 ; elapsed = 00:00:03 . Memory (MB): peak = 1130.246 ; gain = 0.000
Phase 4 Post Placement Optimization and Clean-Up | Checksum: 1f7f7641f

Time (s): cpu = 00:00:05 ; elapsed = 00:00:03 . Memory (MB): peak = 1130.246 ; gain = 0.000
Ending Placer Task | Checksum: 195bc3cb8

Time (s): cpu = 00:00:05 ; elapsed = 00:00:03 . Memory (MB): peak = 1130.246 ; gain = 0.000
INFO: [Common 17-83] Releasing license: Implementation
42 Infos, 0 Warnings, 0 Critical Warnings and 0 Errors encountered.
place_design completed successfully
Writing placer database...
Writing XDEF routing.
Writing XDEF routing logical nets.
Writing XDEF routing special nets.
Write XDEF Complete: Time (s): cpu = 00:00:00 ; elapsed = 00:00:00.128 . Memory (MB): peak = 1130.246 ; gain = 0.000
INFO: [Common 17-1381] The checkpoint 'C:/Users/MoJo/Desktop/vivado projects/spro4-em/vivado/sine_generator/sine_generator.runs/impl_1/sine_wave_gen_placed.dcp' has been generated.
INFO: [runtcl-4] Executing : report_io -file sine_wave_gen_io_placed.rpt
report_io: Time (s): cpu = 00:00:00 ; elapsed = 00:00:00.124 . Memory (MB): peak = 1130.246 ; gain = 0.000
INFO: [runtcl-4] Executing : report_utilization -file sine_wave_gen_utilization_placed.rpt -pb sine_wave_gen_utilization_placed.pb
report_utilization: Time (s): cpu = 00:00:00 ; elapsed = 00:00:00.097 . Memory (MB): peak = 1130.246 ; gain = 0.000
INFO: [runtcl-4] Executing : report_control_sets -verbose -file sine_wave_gen_control_sets_placed.rpt
report_control_sets: Time (s): cpu = 00:00:00 ; elapsed = 00:00:00.008 . Memory (MB): peak = 1130.246 ; gain = 0.000
Command: route_design
Attempting to get a license for feature 'Implementation' and/or device 'xc7z020'
INFO: [Common 17-349] Got license for feature 'Implementation' and/or device 'xc7z020'
Running DRC as a precondition to command route_design
INFO: [DRC 23-27] Running DRC with 2 threads
INFO: [Vivado_Tcl 4-198] DRC finished with 0 Errors
INFO: [Vivado_Tcl 4-199] Please refer to the DRC report (report_drc) for more information.


Starting Routing Task
INFO: [Route 35-254] Multithreading enabled for route_design using a maximum of 2 CPUs
Checksum: PlaceDB: b34305ef ConstDB: 0 ShapeSum: e27936c9 RouteDB: 0

Phase 1 Build RT Design
Phase 1 Build RT Design | Checksum: 62caf018

Time (s): cpu = 00:00:55 ; elapsed = 00:00:49 . Memory (MB): peak = 1261.906 ; gain = 131.660
Post Restoration Checksum: NetGraph: 143a73f4 NumContArr: 4e907c24 Constraints: 0 Timing: 0

Phase 2 Router Initialization
INFO: [Route 35-64] No timing constraints were detected. The router will operate in resource-optimization mode.

Phase 2.1 Fix Topology Constraints
Phase 2.1 Fix Topology Constraints | Checksum: 62caf018

Time (s): cpu = 00:00:55 ; elapsed = 00:00:49 . Memory (MB): peak = 1268.563 ; gain = 138.316

Phase 2.2 Pre Route Cleanup
Phase 2.2 Pre Route Cleanup | Checksum: 62caf018

Time (s): cpu = 00:00:55 ; elapsed = 00:00:49 . Memory (MB): peak = 1268.563 ; gain = 138.316
 Number of Nodes with overlaps = 0
Phase 2 Router Initialization | Checksum: 128a8745f

Time (s): cpu = 00:00:56 ; elapsed = 00:00:49 . Memory (MB): peak = 1288.793 ; gain = 158.547

Phase 3 Initial Routing
Phase 3 Initial Routing | Checksum: eac01a97

Time (s): cpu = 00:00:56 ; elapsed = 00:00:50 . Memory (MB): peak = 1288.793 ; gain = 158.547

Phase 4 Rip-up And Reroute

Phase 4.1 Global Iteration 0
 Number of Nodes with overlaps = 1
 Number of Nodes with overlaps = 0
Phase 4.1 Global Iteration 0 | Checksum: 1329c1100

Time (s): cpu = 00:00:56 ; elapsed = 00:00:50 . Memory (MB): peak = 1288.793 ; gain = 158.547
Phase 4 Rip-up And Reroute | Checksum: 1329c1100

Time (s): cpu = 00:00:56 ; elapsed = 00:00:50 . Memory (MB): peak = 1288.793 ; gain = 158.547

Phase 5 Delay and Skew Optimization
Phase 5 Delay and Skew Optimization | Checksum: 1329c1100

Time (s): cpu = 00:00:56 ; elapsed = 00:00:50 . Memory (MB): peak = 1288.793 ; gain = 158.547

Phase 6 Post Hold Fix

Phase 6.1 Hold Fix Iter
Phase 6.1 Hold Fix Iter | Checksum: 1329c1100

Time (s): cpu = 00:00:56 ; elapsed = 00:00:50 . Memory (MB): peak = 1288.793 ; gain = 158.547
Phase 6 Post Hold Fix | Checksum: 1329c1100

Time (s): cpu = 00:00:56 ; elapsed = 00:00:50 . Memory (MB): peak = 1288.793 ; gain = 158.547

Phase 7 Route finalize

Router Utilization Summary
  Global Vertical Routing Utilization    = 0.0139277 %
  Global Horizontal Routing Utilization  = 0.0162272 %
  Routable Net Status*
  *Does not include unroutable nets such as driverless and loadless.
  Run report_route_status for detailed report.
  Number of Failed Nets               = 0
  Number of Unrouted Nets             = 0
  Number of Partially Routed Nets     = 0
  Number of Node Overlaps             = 0

Utilization threshold used for congestion level computation: 0.85
Congestion Report
North Dir 1x1 Area, Max Cong = 10.8108%, No Congested Regions.
South Dir 1x1 Area, Max Cong = 10.8108%, No Congested Regions.
East Dir 1x1 Area, Max Cong = 17.6471%, No Congested Regions.
West Dir 1x1 Area, Max Cong = 17.6471%, No Congested Regions.
Phase 7 Route finalize | Checksum: 1329c1100

Time (s): cpu = 00:00:56 ; elapsed = 00:00:50 . Memory (MB): peak = 1288.793 ; gain = 158.547

Phase 8 Verifying routed nets

 Verification completed successfully
Phase 8 Verifying routed nets | Checksum: 1329c1100

Time (s): cpu = 00:00:56 ; elapsed = 00:00:50 . Memory (MB): peak = 1288.793 ; gain = 158.547

Phase 9 Depositing Routes
Phase 9 Depositing Routes | Checksum: 18e9c94f6

Time (s): cpu = 00:00:56 ; elapsed = 00:00:50 . Memory (MB): peak = 1288.793 ; gain = 158.547
INFO: [Route 35-16] Router Completed Successfully

Time (s): cpu = 00:00:56 ; elapsed = 00:00:50 . Memory (MB): peak = 1288.793 ; gain = 158.547

Routing Is Done.
INFO: [Common 17-83] Releasing license: Implementation
54 Infos, 0 Warnings, 0 Critical Warnings and 0 Errors encountered.
route_design completed successfully
route_design: Time (s): cpu = 00:00:59 ; elapsed = 00:00:52 . Memory (MB): peak = 1288.793 ; gain = 158.547
Writing placer database...
Writing XDEF routing.
Writing XDEF routing logical nets.
Writing XDEF routing special nets.
Write XDEF Complete: Time (s): cpu = 00:00:00 ; elapsed = 00:00:00.122 . Memory (MB): peak = 1288.793 ; gain = 0.000
INFO: [Common 17-1381] The checkpoint 'C:/Users/MoJo/Desktop/vivado projects/spro4-em/vivado/sine_generator/sine_generator.runs/impl_1/sine_wave_gen_routed.dcp' has been generated.
INFO: [runtcl-4] Executing : report_drc -file sine_wave_gen_drc_routed.rpt -pb sine_wave_gen_drc_routed.pb -rpx sine_wave_gen_drc_routed.rpx
Command: report_drc -file sine_wave_gen_drc_routed.rpt -pb sine_wave_gen_drc_routed.pb -rpx sine_wave_gen_drc_routed.rpx
INFO: [IP_Flow 19-1839] IP Catalog is up to date.
INFO: [DRC 23-27] Running DRC with 2 threads
INFO: [Coretcl 2-168] The results of DRC are in file C:/Users/MoJo/Desktop/vivado projects/spro4-em/vivado/sine_generator/sine_generator.runs/impl_1/sine_wave_gen_drc_routed.rpt.
report_drc completed successfully
INFO: [runtcl-4] Executing : report_methodology -file sine_wave_gen_methodology_drc_routed.rpt -pb sine_wave_gen_methodology_drc_routed.pb -rpx sine_wave_gen_methodology_drc_routed.rpx
Command: report_methodology -file sine_wave_gen_methodology_drc_routed.rpt -pb sine_wave_gen_methodology_drc_routed.pb -rpx sine_wave_gen_methodology_drc_routed.rpx
INFO: [Timing 38-35] Done setting XDC timing constraints.
INFO: [Timing 38-35] Done setting XDC timing constraints.
INFO: [DRC 23-133] Running Methodology with 2 threads
INFO: [Coretcl 2-1520] The results of Report Methodology are in file C:/Users/MoJo/Desktop/vivado projects/spro4-em/vivado/sine_generator/sine_generator.runs/impl_1/sine_wave_gen_methodology_drc_routed.rpt.
report_methodology completed successfully
INFO: [runtcl-4] Executing : report_power -file sine_wave_gen_power_routed.rpt -pb sine_wave_gen_power_summary_routed.pb -rpx sine_wave_gen_power_routed.rpx
Command: report_power -file sine_wave_gen_power_routed.rpt -pb sine_wave_gen_power_summary_routed.pb -rpx sine_wave_gen_power_routed.rpx
WARNING: [Power 33-232] No user defined clocks were found in the design!
Resolution: Please specify clocks using create_clock/create_generated_clock for sequential elements. For pure combinatorial circuits, please specify a virtual clock, otherwise the vectorless estimation might be inaccurate
INFO: [Timing 38-35] Done setting XDC timing constraints.
Running Vector-less Activity Propagation...

Finished Running Vector-less Activity Propagation
66 Infos, 1 Warnings, 0 Critical Warnings and 0 Errors encountered.
report_power completed successfully
INFO: [runtcl-4] Executing : report_route_status -file sine_wave_gen_route_status.rpt -pb sine_wave_gen_route_status.pb
INFO: [runtcl-4] Executing : report_timing_summary -max_paths 10 -file sine_wave_gen_timing_summary_routed.rpt -rpx sine_wave_gen_timing_summary_routed.rpx -warn_on_violation 
INFO: [Timing 38-91] UpdateTimingParams: Speed grade: -1, Delay Type: min_max.
INFO: [Timing 38-191] Multithreading enabled for timing update using a maximum of 2 CPUs
WARNING: [Timing 38-313] There are no user specified timing constraints. Timing constraints are needed for proper timing analysis.
INFO: [runtcl-4] Executing : report_incremental_reuse -file sine_wave_gen_incremental_reuse_routed.rpt
INFO: [Vivado_Tcl 4-545] No incremental reuse to report, no incremental placement and routing data was found.
INFO: [runtcl-4] Executing : report_clock_utilization -file sine_wave_gen_clock_utilization_routed.rpt
INFO: [Common 17-206] Exiting Vivado at Wed Apr  4 10:03:55 2018...
