#-----------------------------------------------------------
# Vivado v2017.4 (64-bit)
# SW Build 2086221 on Fri Dec 15 20:55:39 MST 2017
# IP Build 2085800 on Fri Dec 15 22:25:07 MST 2017
# Start of session at: Tue Mar 13 10:27:19 2018
# Process ID: 7072
# Current directory: C:/Users/Nicklas Frahm/Desktop/GitLab/Uni/spro4-em/vivado/risc-cpu
# Command line: vivado.exe -gui_launcher_event rodinguilauncherevent8824 C:\Users\Nicklas Frahm\Desktop\GitLab\Uni\spro4-em\vivado\risc-cpu\risc-cpu.xpr
# Log file: C:/Users/Nicklas Frahm/Desktop/GitLab/Uni/spro4-em/vivado/risc-cpu/vivado.log
# Journal file: C:/Users/Nicklas Frahm/Desktop/GitLab/Uni/spro4-em/vivado/risc-cpu\vivado.jou
#-----------------------------------------------------------
start_gui
open_project {C:/Users/Nicklas Frahm/Desktop/GitLab/Uni/spro4-em/vivado/risc-cpu/risc-cpu.xpr}
Scanning sources...
Finished scanning sources
INFO: [IP_Flow 19-234] Refreshing IP repositories
INFO: [IP_Flow 19-1704] No user IP repositories specified
INFO: [IP_Flow 19-2313] Loaded Vivado IP repository 'D:/Programme/Xilinx/Vivado/2017.4/data/ip'.
open_project: Time (s): cpu = 00:00:11 ; elapsed = 00:00:13 . Memory (MB): peak = 710.617 ; gain = 62.586
update_compile_order -fileset sources_1
exit
INFO: [Common 17-206] Exiting Vivado at Tue Mar 13 11:57:57 2018...
