
*** Running vivado
    with args -log pwm_8_1.vds -m64 -product Vivado -mode batch -messageDb vivado.pb -notrace -source pwm_8_1.tcl


****** Vivado v2017.4.1 (64-bit)
  **** SW Build 2117270 on Tue Jan 30 15:32:00 MST 2018
  **** IP Build 2095745 on Tue Jan 30 17:13:15 MST 2018
    ** Copyright 1986-2017 Xilinx, Inc. All Rights Reserved.

source pwm_8_1.tcl -notrace
Command: synth_design -top pwm_8_1 -part xc7z020clg484-1
Starting synth_design
Attempting to get a license for feature 'Synthesis' and/or device 'xc7z020'
INFO: [Common 17-349] Got license for feature 'Synthesis' and/or device 'xc7z020'
INFO: Launching helper process for spawning children vivado processes
INFO: Helper process launched with PID 8684 
---------------------------------------------------------------------------------
Starting Synthesize : Time (s): cpu = 00:00:06 ; elapsed = 00:00:06 . Memory (MB): peak = 344.277 ; gain = 100.008
---------------------------------------------------------------------------------
INFO: [Synth 8-638] synthesizing module 'pwm_8_1' [D:/Tamara/Dokumente/study/4th Semester/spro4-em/vivado/Assignment_3/Assignment_3.srcs/sources_1/new/pwm_8_1.vhd:13]
INFO: [Synth 8-3491] module 'comparator_8_1' declared at 'D:/Tamara/Dokumente/study/4th Semester/spro4-em/vivado/Assignment_3/Assignment_3.srcs/sources_1/new/comparator_8_1.vhd:4' bound to instance 'comparator_8_1_component' of component 'comparator_8_1' [D:/Tamara/Dokumente/study/4th Semester/spro4-em/vivado/Assignment_3/Assignment_3.srcs/sources_1/new/pwm_8_1.vhd:39]
INFO: [Synth 8-638] synthesizing module 'comparator_8_1' [D:/Tamara/Dokumente/study/4th Semester/spro4-em/vivado/Assignment_3/Assignment_3.srcs/sources_1/new/comparator_8_1.vhd:14]
INFO: [Synth 8-256] done synthesizing module 'comparator_8_1' (1#1) [D:/Tamara/Dokumente/study/4th Semester/spro4-em/vivado/Assignment_3/Assignment_3.srcs/sources_1/new/comparator_8_1.vhd:14]
INFO: [Synth 8-3491] module 'counter_8' declared at 'D:/Tamara/Dokumente/study/4th Semester/spro4-em/vivado/Assignment_3/Assignment_3.srcs/sources_1/new/counter_8.vhd:6' bound to instance 'counter_8_component' of component 'counter_8' [D:/Tamara/Dokumente/study/4th Semester/spro4-em/vivado/Assignment_3/Assignment_3.srcs/sources_1/new/pwm_8_1.vhd:48]
INFO: [Synth 8-638] synthesizing module 'counter_8' [D:/Tamara/Dokumente/study/4th Semester/spro4-em/vivado/Assignment_3/Assignment_3.srcs/sources_1/new/counter_8.vhd:14]
INFO: [Synth 8-256] done synthesizing module 'counter_8' (2#1) [D:/Tamara/Dokumente/study/4th Semester/spro4-em/vivado/Assignment_3/Assignment_3.srcs/sources_1/new/counter_8.vhd:14]
INFO: [Synth 8-256] done synthesizing module 'pwm_8_1' (3#1) [D:/Tamara/Dokumente/study/4th Semester/spro4-em/vivado/Assignment_3/Assignment_3.srcs/sources_1/new/pwm_8_1.vhd:13]
---------------------------------------------------------------------------------
Finished Synthesize : Time (s): cpu = 00:00:07 ; elapsed = 00:00:07 . Memory (MB): peak = 396.609 ; gain = 152.340
---------------------------------------------------------------------------------
---------------------------------------------------------------------------------
Finished Constraint Validation : Time (s): cpu = 00:00:07 ; elapsed = 00:00:07 . Memory (MB): peak = 396.609 ; gain = 152.340
---------------------------------------------------------------------------------
---------------------------------------------------------------------------------
Start Loading Part and Timing Information
---------------------------------------------------------------------------------
Loading part: xc7z020clg484-1
---------------------------------------------------------------------------------
Finished Loading Part and Timing Information : Time (s): cpu = 00:00:07 ; elapsed = 00:00:07 . Memory (MB): peak = 396.609 ; gain = 152.340
---------------------------------------------------------------------------------
INFO: [Device 21-403] Loading part xc7z020clg484-1
WARNING: [Synth 8-6014] Unused sequential element tmp_reg was removed.  [D:/Tamara/Dokumente/study/4th Semester/spro4-em/vivado/Assignment_3/Assignment_3.srcs/sources_1/new/counter_8.vhd:23]
---------------------------------------------------------------------------------
Finished RTL Optimization Phase 2 : Time (s): cpu = 00:00:07 ; elapsed = 00:00:07 . Memory (MB): peak = 396.609 ; gain = 152.340
---------------------------------------------------------------------------------

Report RTL Partitions: 
+-+--------------+------------+----------+
| |RTL Partition |Replication |Instances |
+-+--------------+------------+----------+
+-+--------------+------------+----------+
No constraint files found.
---------------------------------------------------------------------------------
Start RTL Component Statistics 
---------------------------------------------------------------------------------
Detailed RTL Component Info : 
+---Adders : 
	   2 Input      8 Bit       Adders := 1     
+---Registers : 
	                8 Bit    Registers := 1     
---------------------------------------------------------------------------------
Finished RTL Component Statistics 
---------------------------------------------------------------------------------
---------------------------------------------------------------------------------
Start RTL Hierarchical Component Statistics 
---------------------------------------------------------------------------------
Hierarchical RTL Component report 
Module counter_8 
Detailed RTL Component Info : 
+---Adders : 
	   2 Input      8 Bit       Adders := 1     
+---Registers : 
	                8 Bit    Registers := 1     
---------------------------------------------------------------------------------
Finished RTL Hierarchical Component Statistics
---------------------------------------------------------------------------------
---------------------------------------------------------------------------------
Start Part Resource Summary
---------------------------------------------------------------------------------
Part Resources:
DSPs: 220 (col length:60)
BRAMs: 280 (col length: RAMB18 60 RAMB36 30)
---------------------------------------------------------------------------------
Finished Part Resource Summary
---------------------------------------------------------------------------------
No constraint files found.
---------------------------------------------------------------------------------
Start Cross Boundary and Area Optimization
---------------------------------------------------------------------------------
WARNING: [Synth 8-6014] Unused sequential element counter_8_component/tmp_reg was removed.  [D:/Tamara/Dokumente/study/4th Semester/spro4-em/vivado/Assignment_3/Assignment_3.srcs/sources_1/new/counter_8.vhd:23]
---------------------------------------------------------------------------------
Finished Cross Boundary and Area Optimization : Time (s): cpu = 00:00:11 ; elapsed = 00:00:12 . Memory (MB): peak = 553.375 ; gain = 309.105
---------------------------------------------------------------------------------

Report RTL Partitions: 
+-+--------------+------------+----------+
| |RTL Partition |Replication |Instances |
+-+--------------+------------+----------+
+-+--------------+------------+----------+
No constraint files found.
---------------------------------------------------------------------------------
Start Timing Optimization
---------------------------------------------------------------------------------
---------------------------------------------------------------------------------
Finished Timing Optimization : Time (s): cpu = 00:00:12 ; elapsed = 00:00:12 . Memory (MB): peak = 553.375 ; gain = 309.105
---------------------------------------------------------------------------------

Report RTL Partitions: 
+-+--------------+------------+----------+
| |RTL Partition |Replication |Instances |
+-+--------------+------------+----------+
+-+--------------+------------+----------+
---------------------------------------------------------------------------------
Start Technology Mapping
---------------------------------------------------------------------------------
---------------------------------------------------------------------------------
Finished Technology Mapping : Time (s): cpu = 00:00:12 ; elapsed = 00:00:12 . Memory (MB): peak = 553.379 ; gain = 309.109
---------------------------------------------------------------------------------

Report RTL Partitions: 
+-+--------------+------------+----------+
| |RTL Partition |Replication |Instances |
+-+--------------+------------+----------+
+-+--------------+------------+----------+
---------------------------------------------------------------------------------
Start IO Insertion
---------------------------------------------------------------------------------
---------------------------------------------------------------------------------
Start Flattening Before IO Insertion
---------------------------------------------------------------------------------
---------------------------------------------------------------------------------
Finished Flattening Before IO Insertion
---------------------------------------------------------------------------------
---------------------------------------------------------------------------------
Start Final Netlist Cleanup
---------------------------------------------------------------------------------
---------------------------------------------------------------------------------
Finished Final Netlist Cleanup
---------------------------------------------------------------------------------
---------------------------------------------------------------------------------
Finished IO Insertion : Time (s): cpu = 00:00:13 ; elapsed = 00:00:13 . Memory (MB): peak = 553.379 ; gain = 309.109
---------------------------------------------------------------------------------

Report Check Netlist: 
+------+------------------+-------+---------+-------+------------------+
|      |Item              |Errors |Warnings |Status |Description       |
+------+------------------+-------+---------+-------+------------------+
|1     |multi_driven_nets |      0|        0|Passed |Multi driven nets |
+------+------------------+-------+---------+-------+------------------+
---------------------------------------------------------------------------------
Start Renaming Generated Instances
---------------------------------------------------------------------------------
---------------------------------------------------------------------------------
Finished Renaming Generated Instances : Time (s): cpu = 00:00:13 ; elapsed = 00:00:13 . Memory (MB): peak = 553.379 ; gain = 309.109
---------------------------------------------------------------------------------

Report RTL Partitions: 
+-+--------------+------------+----------+
| |RTL Partition |Replication |Instances |
+-+--------------+------------+----------+
+-+--------------+------------+----------+
---------------------------------------------------------------------------------
Start Rebuilding User Hierarchy
---------------------------------------------------------------------------------
---------------------------------------------------------------------------------
Finished Rebuilding User Hierarchy : Time (s): cpu = 00:00:13 ; elapsed = 00:00:13 . Memory (MB): peak = 553.379 ; gain = 309.109
---------------------------------------------------------------------------------
---------------------------------------------------------------------------------
Start Renaming Generated Ports
---------------------------------------------------------------------------------
---------------------------------------------------------------------------------
Finished Renaming Generated Ports : Time (s): cpu = 00:00:13 ; elapsed = 00:00:13 . Memory (MB): peak = 553.379 ; gain = 309.109
---------------------------------------------------------------------------------
---------------------------------------------------------------------------------
Start Handling Custom Attributes
---------------------------------------------------------------------------------
---------------------------------------------------------------------------------
Finished Handling Custom Attributes : Time (s): cpu = 00:00:13 ; elapsed = 00:00:13 . Memory (MB): peak = 553.379 ; gain = 309.109
---------------------------------------------------------------------------------
---------------------------------------------------------------------------------
Start Renaming Generated Nets
---------------------------------------------------------------------------------
---------------------------------------------------------------------------------
Finished Renaming Generated Nets : Time (s): cpu = 00:00:13 ; elapsed = 00:00:13 . Memory (MB): peak = 553.379 ; gain = 309.109
---------------------------------------------------------------------------------
---------------------------------------------------------------------------------
Start Writing Synthesis Report
---------------------------------------------------------------------------------

Report BlackBoxes: 
+-+--------------+----------+
| |BlackBox name |Instances |
+-+--------------+----------+
+-+--------------+----------+

Report Cell Usage: 
+------+-------+------+
|      |Cell   |Count |
+------+-------+------+
|1     |BUFG   |     1|
|2     |CARRY4 |     1|
|3     |LUT2   |     1|
|4     |LUT3   |     2|
|5     |LUT4   |    11|
|6     |LUT5   |     2|
|7     |LUT6   |     1|
|8     |FDRE   |     9|
|9     |IBUF   |    10|
|10    |OBUF   |     1|
+------+-------+------+

Report Instance Areas: 
+------+---------------------------+---------------+------+
|      |Instance                   |Module         |Cells |
+------+---------------------------+---------------+------+
|1     |top                        |               |    39|
|2     |  comparator_8_1_component |comparator_8_1 |     2|
|3     |  counter_8_component      |counter_8      |    25|
+------+---------------------------+---------------+------+
---------------------------------------------------------------------------------
Finished Writing Synthesis Report : Time (s): cpu = 00:00:13 ; elapsed = 00:00:13 . Memory (MB): peak = 553.379 ; gain = 309.109
---------------------------------------------------------------------------------
Synthesis finished with 0 errors, 0 critical warnings and 2 warnings.
Synthesis Optimization Runtime : Time (s): cpu = 00:00:13 ; elapsed = 00:00:13 . Memory (MB): peak = 553.379 ; gain = 309.109
Synthesis Optimization Complete : Time (s): cpu = 00:00:13 ; elapsed = 00:00:13 . Memory (MB): peak = 553.379 ; gain = 309.109
INFO: [Project 1-571] Translating synthesized netlist
INFO: [Netlist 29-17] Analyzing 11 Unisim elements for replacement
INFO: [Netlist 29-28] Unisim Transformation completed in 0 CPU seconds
INFO: [Project 1-570] Preparing netlist for logic optimization
INFO: [Opt 31-138] Pushed 0 inverter(s) to 0 load pin(s).
INFO: [Project 1-111] Unisim Transformation Summary:
No Unisim elements were transformed.

INFO: [Common 17-83] Releasing license: Synthesis
17 Infos, 2 Warnings, 0 Critical Warnings and 0 Errors encountered.
synth_design completed successfully
synth_design: Time (s): cpu = 00:00:18 ; elapsed = 00:00:19 . Memory (MB): peak = 656.984 ; gain = 425.848
INFO: [Common 17-1381] The checkpoint 'D:/Tamara/Dokumente/study/4th Semester/spro4-em/vivado/Assignment_3/Assignment_3.runs/synth_1/pwm_8_1.dcp' has been generated.
INFO: [runtcl-4] Executing : report_utilization -file pwm_8_1_utilization_synth.rpt -pb pwm_8_1_utilization_synth.pb
report_utilization: Time (s): cpu = 00:00:00 ; elapsed = 00:00:00.046 . Memory (MB): peak = 656.984 ; gain = 0.000
INFO: [Common 17-206] Exiting Vivado at Mon Mar 26 15:49:19 2018...
